0 info it worked if it ends with ok
1 verbose cli [
1 verbose cli   '/home/howard/.nvm/versions/node/v12.18.1/bin/node',
1 verbose cli   '/home/howard/.nvm/versions/node/v12.18.1/bin/npm',
1 verbose cli   'run',
1 verbose cli   'lint',
1 verbose cli   '--force'
1 verbose cli ]
2 info using npm@6.14.5
3 info using node@v12.18.1
4 warn using --force I sure hope you know what you are doing.
5 verbose stack Error: missing script: lint
5 verbose stack     at run (/home/howard/.nvm/versions/node/v12.18.1/lib/node_modules/npm/lib/run-script.js:155:19)
5 verbose stack     at /home/howard/.nvm/versions/node/v12.18.1/lib/node_modules/npm/lib/run-script.js:63:5
5 verbose stack     at /home/howard/.nvm/versions/node/v12.18.1/lib/node_modules/npm/node_modules/read-package-json/read-json.js:116:5
5 verbose stack     at /home/howard/.nvm/versions/node/v12.18.1/lib/node_modules/npm/node_modules/read-package-json/read-json.js:436:5
5 verbose stack     at checkBinReferences_ (/home/howard/.nvm/versions/node/v12.18.1/lib/node_modules/npm/node_modules/read-package-json/read-json.js:391:45)
5 verbose stack     at final (/home/howard/.nvm/versions/node/v12.18.1/lib/node_modules/npm/node_modules/read-package-json/read-json.js:434:3)
5 verbose stack     at then (/home/howard/.nvm/versions/node/v12.18.1/lib/node_modules/npm/node_modules/read-package-json/read-json.js:161:5)
5 verbose stack     at ReadFileContext.<anonymous> (/home/howard/.nvm/versions/node/v12.18.1/lib/node_modules/npm/node_modules/read-package-json/read-json.js:350:20)
5 verbose stack     at ReadFileContext.callback (/home/howard/.nvm/versions/node/v12.18.1/lib/node_modules/npm/node_modules/graceful-fs/graceful-fs.js:123:16)
5 verbose stack     at FSReqCallback.readFileAfterOpen [as oncomplete] (fs.js:257:13)
6 verbose cwd /home/howard/sessions-080724-mark3a
7 verbose Linux 5.4.72-microsoft-standard-WSL2
8 verbose argv "/home/howard/.nvm/versions/node/v12.18.1/bin/node" "/home/howard/.nvm/versions/node/v12.18.1/bin/npm" "run" "lint" "--force"
9 verbose node v12.18.1
10 verbose npm  v6.14.5
11 error missing script: lint
12 verbose exit [ 1, true ]
