0 info it worked if it ends with ok
1 verbose cli [ '/usr/bin/node',
1 verbose cli   '/usr/bin/npm',
1 verbose cli   'install',
1 verbose cli   '--global',
1 verbose cli   '@expo/ngrok@^2.4.3' ]
2 info using npm@6.14.4
3 info using node@v10.19.0
4 verbose npm-session 90491ebc045d13bc
5 silly install loadCurrentTree
6 silly install readGlobalPackageData
7 http fetch GET 200 https://registry.npmjs.org/@expo%2fngrok 1072ms
8 http fetch GET 200 https://registry.npmjs.org/@expo/ngrok/-/ngrok-2.4.3.tgz 686ms
9 silly pacote range manifest for @expo/ngrok@^2.4.3 fetched in 1815ms
10 timing stage:loadCurrentTree Completed in 1861ms
11 silly install loadIdealTree
12 silly install cloneCurrentTreeToIdealTree
13 timing stage:loadIdealTree:cloneCurrentTree Completed in 1ms
14 silly install loadShrinkwrap
15 timing stage:loadIdealTree:loadShrinkwrap Completed in 3ms
16 silly install loadAllDepsIntoIdealTree
17 silly resolveWithNewModule @expo/ngrok@2.4.3 checking installable status
18 http fetch GET 200 https://registry.npmjs.org/lock 389ms
19 http fetch GET 304 https://registry.npmjs.org/uuid 396ms (from cache)
20 http fetch GET 304 https://registry.npmjs.org/async 507ms (from cache)
21 silly pacote range manifest for uuid@^3.0.0 fetched in 416ms
22 silly resolveWithNewModule uuid@3.4.0 checking installable status
23 http fetch GET 304 https://registry.npmjs.org/request 437ms (from cache)
24 http fetch GET 200 https://registry.npmjs.org/lock/-/lock-0.1.4.tgz 130ms
25 http fetch GET 200 https://registry.npmjs.org/logfmt 452ms
26 silly pacote range manifest for request@^2.81.0 fetched in 460ms
27 warn deprecated request@2.88.2: request has been deprecated, see https://github.com/request/request/issues/3142
28 silly resolveWithNewModule request@2.88.2 checking installable status
29 silly pacote range manifest for lock@^0.1.2 fetched in 551ms
30 silly resolveWithNewModule lock@0.1.4 checking installable status
31 http fetch GET 200 https://registry.npmjs.org/async/-/async-0.9.2.tgz 110ms
32 http fetch GET 200 https://registry.npmjs.org/logfmt/-/logfmt-1.3.2.tgz 93ms
33 silly pacote range manifest for async@^0.9.0 fetched in 644ms
34 silly resolveWithNewModule async@0.9.2 checking installable status
35 silly pacote range manifest for logfmt@^1.2.0 fetched in 605ms
36 silly resolveWithNewModule logfmt@1.3.2 checking installable status
37 http fetch GET 200 https://registry.npmjs.org/@expo%2fngrok-bin 1087ms
38 http fetch GET 200 https://registry.npmjs.org/@expo/ngrok-bin/-/ngrok-bin-2.2.8-beta.3.tgz 361ms
39 silly pacote version manifest for @expo/ngrok-bin@2.2.8-beta.3 fetched in 1469ms
40 silly resolveWithNewModule @expo/ngrok-bin@2.2.8-beta.3 checking installable status
41 http fetch GET 200 https://registry.npmjs.org/@expo%2fngrok-bin-freebsd-x64 567ms
42 http fetch GET 200 https://registry.npmjs.org/@expo%2fngrok-bin-darwin-ia32 784ms
43 http fetch GET 200 https://registry.npmjs.org/@expo%2fngrok-bin-linux-arm64 791ms
44 http fetch GET 200 https://registry.npmjs.org/@expo%2fngrok-bin-darwin-x64 796ms
45 http fetch GET 200 https://registry.npmjs.org/@expo%2fngrok-bin-linux-x64 803ms
46 http fetch GET 200 https://registry.npmjs.org/@expo%2fngrok-bin-linux-arm 823ms
47 http fetch GET 200 https://registry.npmjs.org/@expo%2fngrok-bin-linux-ia32 824ms
48 http fetch GET 200 https://registry.npmjs.org/@expo%2fngrok-bin-freebsd-ia32 841ms
49 http fetch GET 200 https://registry.npmjs.org/@expo%2fngrok-bin-sunos-x64 3815ms
50 http fetch GET 200 https://registry.npmjs.org/@expo%2fngrok-bin-win32-ia32 6909ms
51 http fetch GET 200 https://registry.npmjs.org/@expo/ngrok-bin-freebsd-x64/-/ngrok-bin-freebsd-x64-2.2.8.tgz 6828ms
52 http fetch GET 200 https://registry.npmjs.org/@expo/ngrok-bin-linux-arm/-/ngrok-bin-linux-arm-2.2.8.tgz 7973ms
53 http fetch GET 200 https://registry.npmjs.org/@expo/ngrok-bin-darwin-ia32/-/ngrok-bin-darwin-ia32-2.2.8.tgz 11689ms
54 http fetch GET 200 https://registry.npmjs.org/@expo/ngrok-bin-freebsd-ia32/-/ngrok-bin-freebsd-ia32-2.2.8.tgz 11637ms
55 http fetch GET 200 https://registry.npmjs.org/@expo/ngrok-bin-linux-ia32/-/ngrok-bin-linux-ia32-2.2.8.tgz 11697ms
56 http fetch GET 200 https://registry.npmjs.org/@expo/ngrok-bin-linux-arm64/-/ngrok-bin-linux-arm64-2.2.8.tgz 11753ms
57 silly pacote version manifest for @expo/ngrok-bin-freebsd-x64@2.2.8 fetched in 12585ms
58 silly resolveWithNewModule @expo/ngrok-bin-freebsd-x64@2.2.8 checking installable status
59 silly pacote version manifest for @expo/ngrok-bin-linux-arm@2.2.8 fetched in 12641ms
60 silly resolveWithNewModule @expo/ngrok-bin-linux-arm@2.2.8 checking installable status
61 silly pacote version manifest for @expo/ngrok-bin-darwin-ia32@2.2.8 fetched in 12685ms
62 silly resolveWithNewModule @expo/ngrok-bin-darwin-ia32@2.2.8 checking installable status
63 silly pacote version manifest for @expo/ngrok-bin-freebsd-ia32@2.2.8 fetched in 12742ms
64 silly resolveWithNewModule @expo/ngrok-bin-freebsd-ia32@2.2.8 checking installable status
65 silly pacote version manifest for @expo/ngrok-bin-linux-ia32@2.2.8 fetched in 12955ms
66 silly resolveWithNewModule @expo/ngrok-bin-linux-ia32@2.2.8 checking installable status
67 silly pacote version manifest for @expo/ngrok-bin-linux-arm64@2.2.8 fetched in 13045ms
68 silly resolveWithNewModule @expo/ngrok-bin-linux-arm64@2.2.8 checking installable status
69 http fetch GET 200 https://registry.npmjs.org/@expo/ngrok-bin-sunos-x64/-/ngrok-bin-sunos-x64-2.2.8.tgz 6246ms
70 silly pacote version manifest for @expo/ngrok-bin-sunos-x64@2.2.8 fetched in 13438ms
71 silly resolveWithNewModule @expo/ngrok-bin-sunos-x64@2.2.8 checking installable status
72 http fetch GET 200 https://registry.npmjs.org/@expo%2fngrok-bin-win32-x64 861ms
73 http fetch GET 200 https://registry.npmjs.org/@expo/ngrok-bin-win32-ia32/-/ngrok-bin-win32-ia32-2.2.8-beta.1.tgz 7072ms
74 silly pacote version manifest for @expo/ngrok-bin-win32-ia32@2.2.8-beta.1 fetched in 14071ms
75 silly resolveWithNewModule @expo/ngrok-bin-win32-ia32@2.2.8-beta.1 checking installable status
76 http fetch GET 200 https://registry.npmjs.org/@expo/ngrok-bin-linux-x64/-/ngrok-bin-linux-x64-2.2.8.tgz 14066ms
77 http fetch GET 200 https://registry.npmjs.org/@expo/ngrok-bin-darwin-x64/-/ngrok-bin-darwin-x64-2.2.8.tgz 14111ms
78 silly pacote version manifest for @expo/ngrok-bin-linux-x64@2.2.8 fetched in 14946ms
79 silly resolveWithNewModule @expo/ngrok-bin-linux-x64@2.2.8 checking installable status
80 silly pacote version manifest for @expo/ngrok-bin-darwin-x64@2.2.8 fetched in 14957ms
81 silly resolveWithNewModule @expo/ngrok-bin-darwin-x64@2.2.8 checking installable status
82 http fetch GET 200 https://registry.npmjs.org/@expo/ngrok-bin-win32-x64/-/ngrok-bin-win32-x64-2.2.8-beta.1.tgz 1765ms
83 silly pacote version manifest for @expo/ngrok-bin-win32-x64@2.2.8-beta.1 fetched in 2668ms
84 silly resolveWithNewModule @expo/ngrok-bin-win32-x64@2.2.8-beta.1 checking installable status
85 http fetch GET 304 https://registry.npmjs.org/split 92ms (from cache)
86 http fetch GET 304 https://registry.npmjs.org/through 100ms (from cache)
87 silly pacote range manifest for through@2.3.x fetched in 105ms
88 silly resolveWithNewModule through@2.3.8 checking installable status
89 http fetch GET 200 https://registry.npmjs.org/split/-/split-0.2.10.tgz 70ms
90 silly pacote range manifest for split@0.2.x fetched in 176ms
91 silly resolveWithNewModule split@0.2.10 checking installable status
92 http fetch GET 304 https://registry.npmjs.org/forever-agent 560ms (from cache)
93 http fetch GET 304 https://registry.npmjs.org/caseless 564ms (from cache)
94 http fetch GET 304 https://registry.npmjs.org/extend 566ms (from cache)
95 http fetch GET 304 https://registry.npmjs.org/combined-stream 592ms (from cache)
96 http fetch GET 304 https://registry.npmjs.org/is-typedarray 593ms (from cache)
97 http fetch GET 304 https://registry.npmjs.org/aws4 611ms (from cache)
98 http fetch GET 304 https://registry.npmjs.org/http-signature 612ms (from cache)
99 http fetch GET 304 https://registry.npmjs.org/aws-sign2 641ms (from cache)
100 http fetch GET 304 https://registry.npmjs.org/form-data 647ms (from cache)
101 silly pacote range manifest for forever-agent@~0.6.1 fetched in 659ms
102 silly resolveWithNewModule forever-agent@0.6.1 checking installable status
103 silly pacote range manifest for caseless@~0.12.0 fetched in 669ms
104 silly resolveWithNewModule caseless@0.12.0 checking installable status
105 silly pacote range manifest for extend@~3.0.2 fetched in 701ms
106 silly resolveWithNewModule extend@3.0.2 checking installable status
107 silly pacote range manifest for is-typedarray@~1.0.0 fetched in 717ms
108 silly resolveWithNewModule is-typedarray@1.0.0 checking installable status
109 silly pacote range manifest for combined-stream@~1.0.6 fetched in 729ms
110 silly resolveWithNewModule combined-stream@1.0.8 checking installable status
111 silly pacote range manifest for http-signature@~1.2.0 fetched in 749ms
112 silly resolveWithNewModule http-signature@1.2.0 checking installable status
113 silly pacote range manifest for aws4@^1.8.0 fetched in 769ms
114 silly resolveWithNewModule aws4@1.11.0 checking installable status
115 http fetch GET 304 https://registry.npmjs.org/har-validator 792ms (from cache)
116 silly pacote range manifest for aws-sign2@~0.7.0 fetched in 805ms
117 silly resolveWithNewModule aws-sign2@0.7.0 checking installable status
118 silly pacote range manifest for form-data@~2.3.2 fetched in 852ms
119 silly resolveWithNewModule form-data@2.3.3 checking installable status
120 silly pacote range manifest for har-validator@~5.1.3 fetched in 904ms
121 warn deprecated har-validator@5.1.5: this library is no longer supported
122 silly resolveWithNewModule har-validator@5.1.5 checking installable status
123 http fetch GET 304 https://registry.npmjs.org/json-stringify-safe 293ms (from cache)
124 silly pacote range manifest for json-stringify-safe@~5.0.1 fetched in 310ms
125 silly resolveWithNewModule json-stringify-safe@5.0.1 checking installable status
126 http fetch GET 304 https://registry.npmjs.org/isstream 316ms (from cache)
127 silly pacote range manifest for isstream@~0.1.2 fetched in 331ms
128 silly resolveWithNewModule isstream@0.1.2 checking installable status
129 http fetch GET 304 https://registry.npmjs.org/oauth-sign 290ms (from cache)
130 http fetch GET 304 https://registry.npmjs.org/performance-now 292ms (from cache)
131 http fetch GET 304 https://registry.npmjs.org/safe-buffer 256ms (from cache)
132 silly pacote range manifest for oauth-sign@~0.9.0 fetched in 305ms
133 silly resolveWithNewModule oauth-sign@0.9.0 checking installable status
134 http fetch GET 304 https://registry.npmjs.org/qs 272ms (from cache)
135 http fetch GET 304 https://registry.npmjs.org/mime-types 343ms (from cache)
136 silly pacote range manifest for performance-now@^2.1.0 fetched in 322ms
137 silly resolveWithNewModule performance-now@2.1.0 checking installable status
138 silly pacote range manifest for safe-buffer@^5.1.2 fetched in 285ms
139 silly resolveWithNewModule safe-buffer@5.2.1 checking installable status
140 http fetch GET 304 https://registry.npmjs.org/tough-cookie 248ms (from cache)
141 silly pacote range manifest for qs@~6.5.2 fetched in 306ms
142 silly resolveWithNewModule qs@6.5.2 checking installable status
143 silly pacote range manifest for mime-types@~2.1.19 fetched in 375ms
144 silly resolveWithNewModule mime-types@2.1.29 checking installable status
145 http fetch GET 304 https://registry.npmjs.org/tunnel-agent 214ms (from cache)
146 silly pacote range manifest for tough-cookie@~2.5.0 fetched in 279ms
147 silly resolveWithNewModule tough-cookie@2.5.0 checking installable status
148 silly pacote range manifest for tunnel-agent@^0.6.0 fetched in 227ms
149 silly resolveWithNewModule tunnel-agent@0.6.0 checking installable status
150 http fetch GET 304 https://registry.npmjs.org/delayed-stream 126ms (from cache)
151 silly pacote range manifest for delayed-stream@~1.0.0 fetched in 141ms
152 silly resolveWithNewModule delayed-stream@1.0.0 checking installable status
153 http fetch GET 304 https://registry.npmjs.org/asynckit 147ms (from cache)
154 silly pacote range manifest for asynckit@^0.4.0 fetched in 161ms
155 silly resolveWithNewModule asynckit@0.4.0 checking installable status
156 http fetch GET 304 https://registry.npmjs.org/mime-db 126ms (from cache)
157 silly pacote version manifest for mime-db@1.46.0 fetched in 146ms
158 silly resolveWithNewModule mime-db@1.46.0 checking installable status
159 http fetch GET 304 https://registry.npmjs.org/har-schema 146ms (from cache)
160 silly pacote range manifest for har-schema@^2.0.0 fetched in 161ms
161 silly resolveWithNewModule har-schema@2.0.0 checking installable status
162 http fetch GET 304 https://registry.npmjs.org/ajv 192ms (from cache)
163 silly pacote range manifest for ajv@^6.12.3 fetched in 268ms
164 silly resolveWithNewModule ajv@6.12.6 checking installable status
165 http fetch GET 304 https://registry.npmjs.org/uri-js 92ms (from cache)
166 silly pacote range manifest for uri-js@^4.2.2 fetched in 108ms
167 silly resolveWithNewModule uri-js@4.4.1 checking installable status
168 http fetch GET 304 https://registry.npmjs.org/fast-json-stable-stringify 135ms (from cache)
169 http fetch GET 304 https://registry.npmjs.org/json-schema-traverse 131ms (from cache)
170 http fetch GET 304 https://registry.npmjs.org/fast-deep-equal 145ms (from cache)
171 silly pacote range manifest for json-schema-traverse@^0.4.1 fetched in 139ms
172 silly resolveWithNewModule json-schema-traverse@0.4.1 checking installable status
173 silly pacote range manifest for fast-json-stable-stringify@^2.0.0 fetched in 145ms
174 silly resolveWithNewModule fast-json-stable-stringify@2.1.0 checking installable status
175 silly pacote range manifest for fast-deep-equal@^3.1.1 fetched in 154ms
176 silly resolveWithNewModule fast-deep-equal@3.1.3 checking installable status
177 http fetch GET 304 https://registry.npmjs.org/punycode 86ms (from cache)
178 silly pacote range manifest for punycode@^2.1.0 fetched in 92ms
179 silly resolveWithNewModule punycode@2.1.1 checking installable status
180 http fetch GET 304 https://registry.npmjs.org/jsprim 111ms (from cache)
181 http fetch GET 304 https://registry.npmjs.org/assert-plus 115ms (from cache)
182 silly pacote range manifest for jsprim@^1.2.2 fetched in 119ms
183 silly resolveWithNewModule jsprim@1.4.1 checking installable status
184 silly pacote range manifest for assert-plus@^1.0.0 fetched in 124ms
185 silly resolveWithNewModule assert-plus@1.0.0 checking installable status
186 http fetch GET 304 https://registry.npmjs.org/sshpk 129ms (from cache)
187 silly pacote range manifest for sshpk@^1.7.0 fetched in 137ms
188 silly resolveWithNewModule sshpk@1.16.1 checking installable status
189 http fetch GET 304 https://registry.npmjs.org/extsprintf 63ms (from cache)
190 silly pacote version manifest for extsprintf@1.3.0 fetched in 74ms
191 silly resolveWithNewModule extsprintf@1.3.0 checking installable status
192 http fetch GET 304 https://registry.npmjs.org/json-schema 88ms (from cache)
193 http fetch GET 304 https://registry.npmjs.org/verror 89ms (from cache)
194 silly pacote version manifest for json-schema@0.2.3 fetched in 95ms
195 silly resolveWithNewModule json-schema@0.2.3 checking installable status
196 silly pacote version manifest for verror@1.10.0 fetched in 97ms
197 silly resolveWithNewModule verror@1.10.0 checking installable status
198 http fetch GET 304 https://registry.npmjs.org/core-util-is 94ms (from cache)
199 silly pacote version manifest for core-util-is@1.0.2 fetched in 110ms
200 silly resolveWithNewModule core-util-is@1.0.2 checking installable status
201 http fetch GET 304 https://registry.npmjs.org/ecc-jsbn 208ms (from cache)
202 http fetch GET 304 https://registry.npmjs.org/asn1 219ms (from cache)
203 http fetch GET 304 https://registry.npmjs.org/safer-buffer 223ms (from cache)
204 http fetch GET 304 https://registry.npmjs.org/dashdash 236ms (from cache)
205 silly pacote range manifest for asn1@~0.2.3 fetched in 242ms
206 silly resolveWithNewModule asn1@0.2.4 checking installable status
207 silly pacote range manifest for safer-buffer@^2.0.2 fetched in 238ms
208 silly resolveWithNewModule safer-buffer@2.1.2 checking installable status
209 silly pacote range manifest for ecc-jsbn@~0.1.1 fetched in 236ms
210 silly resolveWithNewModule ecc-jsbn@0.1.2 checking installable status
211 http fetch GET 304 https://registry.npmjs.org/jsbn 243ms (from cache)
212 silly pacote range manifest for dashdash@^1.12.0 fetched in 258ms
213 silly resolveWithNewModule dashdash@1.14.1 checking installable status
214 silly pacote range manifest for jsbn@~0.1.0 fetched in 256ms
215 silly resolveWithNewModule jsbn@0.1.1 checking installable status
216 http fetch GET 304 https://registry.npmjs.org/bcrypt-pbkdf 256ms (from cache)
217 http fetch GET 304 https://registry.npmjs.org/getpass 271ms (from cache)
218 silly pacote range manifest for bcrypt-pbkdf@^1.0.0 fetched in 263ms
219 silly resolveWithNewModule bcrypt-pbkdf@1.0.2 checking installable status
220 http fetch GET 304 https://registry.npmjs.org/tweetnacl 268ms (from cache)
221 silly pacote range manifest for getpass@^0.1.1 fetched in 279ms
222 silly resolveWithNewModule getpass@0.1.7 checking installable status
223 silly pacote range manifest for tweetnacl@~0.14.0 fetched in 274ms
224 silly resolveWithNewModule tweetnacl@0.14.5 checking installable status
225 http fetch GET 304 https://registry.npmjs.org/psl 53ms (from cache)
226 silly pacote range manifest for psl@^1.1.28 fetched in 61ms
227 silly resolveWithNewModule psl@1.8.0 checking installable status
228 timing stage:loadIdealTree:loadAllDepsIntoIdealTree Completed in 19977ms
229 timing stage:loadIdealTree Completed in 20034ms
230 silly currentTree lib
231 silly idealTree lib
231 silly idealTree └─┬ @expo/ngrok@2.4.3
231 silly idealTree   ├── @expo/ngrok-bin-darwin-ia32@2.2.8
231 silly idealTree   ├── @expo/ngrok-bin-darwin-x64@2.2.8
231 silly idealTree   ├── @expo/ngrok-bin-freebsd-ia32@2.2.8
231 silly idealTree   ├── @expo/ngrok-bin-freebsd-x64@2.2.8
231 silly idealTree   ├── @expo/ngrok-bin-linux-arm@2.2.8
231 silly idealTree   ├── @expo/ngrok-bin-linux-arm64@2.2.8
231 silly idealTree   ├── @expo/ngrok-bin-linux-ia32@2.2.8
231 silly idealTree   ├── @expo/ngrok-bin-linux-x64@2.2.8
231 silly idealTree   ├── @expo/ngrok-bin-sunos-x64@2.2.8
231 silly idealTree   ├── @expo/ngrok-bin-win32-ia32@2.2.8-beta.1
231 silly idealTree   ├── @expo/ngrok-bin-win32-x64@2.2.8-beta.1
231 silly idealTree   ├── @expo/ngrok-bin@2.2.8-beta.3
231 silly idealTree   ├── ajv@6.12.6
231 silly idealTree   ├── asn1@0.2.4
231 silly idealTree   ├── assert-plus@1.0.0
231 silly idealTree   ├── async@0.9.2
231 silly idealTree   ├── asynckit@0.4.0
231 silly idealTree   ├── aws-sign2@0.7.0
231 silly idealTree   ├── aws4@1.11.0
231 silly idealTree   ├── bcrypt-pbkdf@1.0.2
231 silly idealTree   ├── caseless@0.12.0
231 silly idealTree   ├── combined-stream@1.0.8
231 silly idealTree   ├── core-util-is@1.0.2
231 silly idealTree   ├── dashdash@1.14.1
231 silly idealTree   ├── delayed-stream@1.0.0
231 silly idealTree   ├── ecc-jsbn@0.1.2
231 silly idealTree   ├── extend@3.0.2
231 silly idealTree   ├── extsprintf@1.3.0
231 silly idealTree   ├── fast-deep-equal@3.1.3
231 silly idealTree   ├── fast-json-stable-stringify@2.1.0
231 silly idealTree   ├── forever-agent@0.6.1
231 silly idealTree   ├── form-data@2.3.3
231 silly idealTree   ├── getpass@0.1.7
231 silly idealTree   ├── har-schema@2.0.0
231 silly idealTree   ├── har-validator@5.1.5
231 silly idealTree   ├── http-signature@1.2.0
231 silly idealTree   ├── is-typedarray@1.0.0
231 silly idealTree   ├── isstream@0.1.2
231 silly idealTree   ├── jsbn@0.1.1
231 silly idealTree   ├── json-schema-traverse@0.4.1
231 silly idealTree   ├── json-schema@0.2.3
231 silly idealTree   ├── json-stringify-safe@5.0.1
231 silly idealTree   ├── jsprim@1.4.1
231 silly idealTree   ├── lock@0.1.4
231 silly idealTree   ├── logfmt@1.3.2
231 silly idealTree   ├── mime-db@1.46.0
231 silly idealTree   ├── mime-types@2.1.29
231 silly idealTree   ├── oauth-sign@0.9.0
231 silly idealTree   ├── performance-now@2.1.0
231 silly idealTree   ├── psl@1.8.0
231 silly idealTree   ├── punycode@2.1.1
231 silly idealTree   ├── qs@6.5.2
231 silly idealTree   ├── request@2.88.2
231 silly idealTree   ├── safe-buffer@5.2.1
231 silly idealTree   ├── safer-buffer@2.1.2
231 silly idealTree   ├── split@0.2.10
231 silly idealTree   ├── sshpk@1.16.1
231 silly idealTree   ├── through@2.3.8
231 silly idealTree   ├── tough-cookie@2.5.0
231 silly idealTree   ├── tunnel-agent@0.6.0
231 silly idealTree   ├── tweetnacl@0.14.5
231 silly idealTree   ├── uri-js@4.4.1
231 silly idealTree   ├── uuid@3.4.0
231 silly idealTree   └── verror@1.10.0
232 silly install generateActionsToTake
233 warn checkPermissions Missing write access to /usr/local/lib/node_modules
234 timing stage:rollbackFailedOptional Completed in 2ms
235 timing stage:runTopLevelLifecycles Completed in 21938ms
236 warn optional SKIPPING OPTIONAL DEPENDENCY: @expo/ngrok-bin-freebsd-x64@2.2.8 (node_modules/@expo/ngrok/node_modules/@expo/ngrok-bin/node_modules/@expo/ngrok-bin-freebsd-x64):
237 warn notsup SKIPPING OPTIONAL DEPENDENCY: Unsupported platform for @expo/ngrok-bin-freebsd-x64@2.2.8: wanted {"os":"freebsd","arch":"x64"} (current: {"os":"linux","arch":"x64"})
238 verbose notsup SKIPPING OPTIONAL DEPENDENCY: Valid OS:    freebsd
238 verbose notsup SKIPPING OPTIONAL DEPENDENCY: Valid Arch:  x64
238 verbose notsup SKIPPING OPTIONAL DEPENDENCY: Actual OS:   linux
238 verbose notsup SKIPPING OPTIONAL DEPENDENCY: Actual Arch: x64
239 warn optional SKIPPING OPTIONAL DEPENDENCY: @expo/ngrok-bin-linux-arm@2.2.8 (node_modules/@expo/ngrok/node_modules/@expo/ngrok-bin/node_modules/@expo/ngrok-bin-linux-arm):
240 warn notsup SKIPPING OPTIONAL DEPENDENCY: Unsupported platform for @expo/ngrok-bin-linux-arm@2.2.8: wanted {"os":"linux","arch":"arm"} (current: {"os":"linux","arch":"x64"})
241 verbose notsup SKIPPING OPTIONAL DEPENDENCY: Valid OS:    linux
241 verbose notsup SKIPPING OPTIONAL DEPENDENCY: Valid Arch:  arm
241 verbose notsup SKIPPING OPTIONAL DEPENDENCY: Actual OS:   linux
241 verbose notsup SKIPPING OPTIONAL DEPENDENCY: Actual Arch: x64
242 warn optional SKIPPING OPTIONAL DEPENDENCY: @expo/ngrok-bin-darwin-ia32@2.2.8 (node_modules/@expo/ngrok/node_modules/@expo/ngrok-bin/node_modules/@expo/ngrok-bin-darwin-ia32):
243 warn notsup SKIPPING OPTIONAL DEPENDENCY: Unsupported platform for @expo/ngrok-bin-darwin-ia32@2.2.8: wanted {"os":"darwin","arch":"ia32"} (current: {"os":"linux","arch":"x64"})
244 verbose notsup SKIPPING OPTIONAL DEPENDENCY: Valid OS:    darwin
244 verbose notsup SKIPPING OPTIONAL DEPENDENCY: Valid Arch:  ia32
244 verbose notsup SKIPPING OPTIONAL DEPENDENCY: Actual OS:   linux
244 verbose notsup SKIPPING OPTIONAL DEPENDENCY: Actual Arch: x64
245 warn optional SKIPPING OPTIONAL DEPENDENCY: @expo/ngrok-bin-freebsd-ia32@2.2.8 (node_modules/@expo/ngrok/node_modules/@expo/ngrok-bin/node_modules/@expo/ngrok-bin-freebsd-ia32):
246 warn notsup SKIPPING OPTIONAL DEPENDENCY: Unsupported platform for @expo/ngrok-bin-freebsd-ia32@2.2.8: wanted {"os":"freebsd","arch":"ia32"} (current: {"os":"linux","arch":"x64"})
247 verbose notsup SKIPPING OPTIONAL DEPENDENCY: Valid OS:    freebsd
247 verbose notsup SKIPPING OPTIONAL DEPENDENCY: Valid Arch:  ia32
247 verbose notsup SKIPPING OPTIONAL DEPENDENCY: Actual OS:   linux
247 verbose notsup SKIPPING OPTIONAL DEPENDENCY: Actual Arch: x64
248 warn optional SKIPPING OPTIONAL DEPENDENCY: @expo/ngrok-bin-linux-ia32@2.2.8 (node_modules/@expo/ngrok/node_modules/@expo/ngrok-bin/node_modules/@expo/ngrok-bin-linux-ia32):
249 warn notsup SKIPPING OPTIONAL DEPENDENCY: Unsupported platform for @expo/ngrok-bin-linux-ia32@2.2.8: wanted {"os":"linux","arch":"ia32"} (current: {"os":"linux","arch":"x64"})
250 verbose notsup SKIPPING OPTIONAL DEPENDENCY: Valid OS:    linux
250 verbose notsup SKIPPING OPTIONAL DEPENDENCY: Valid Arch:  ia32
250 verbose notsup SKIPPING OPTIONAL DEPENDENCY: Actual OS:   linux
250 verbose notsup SKIPPING OPTIONAL DEPENDENCY: Actual Arch: x64
251 warn optional SKIPPING OPTIONAL DEPENDENCY: @expo/ngrok-bin-linux-arm64@2.2.8 (node_modules/@expo/ngrok/node_modules/@expo/ngrok-bin/node_modules/@expo/ngrok-bin-linux-arm64):
252 warn notsup SKIPPING OPTIONAL DEPENDENCY: Unsupported platform for @expo/ngrok-bin-linux-arm64@2.2.8: wanted {"os":"linux","arch":"arm64"} (current: {"os":"linux","arch":"x64"})
253 verbose notsup SKIPPING OPTIONAL DEPENDENCY: Valid OS:    linux
253 verbose notsup SKIPPING OPTIONAL DEPENDENCY: Valid Arch:  arm64
253 verbose notsup SKIPPING OPTIONAL DEPENDENCY: Actual OS:   linux
253 verbose notsup SKIPPING OPTIONAL DEPENDENCY: Actual Arch: x64
254 warn optional SKIPPING OPTIONAL DEPENDENCY: @expo/ngrok-bin-sunos-x64@2.2.8 (node_modules/@expo/ngrok/node_modules/@expo/ngrok-bin/node_modules/@expo/ngrok-bin-sunos-x64):
255 warn notsup SKIPPING OPTIONAL DEPENDENCY: Unsupported platform for @expo/ngrok-bin-sunos-x64@2.2.8: wanted {"os":"sunos","arch":"x64"} (current: {"os":"linux","arch":"x64"})
256 verbose notsup SKIPPING OPTIONAL DEPENDENCY: Valid OS:    sunos
256 verbose notsup SKIPPING OPTIONAL DEPENDENCY: Valid Arch:  x64
256 verbose notsup SKIPPING OPTIONAL DEPENDENCY: Actual OS:   linux
256 verbose notsup SKIPPING OPTIONAL DEPENDENCY: Actual Arch: x64
257 warn optional SKIPPING OPTIONAL DEPENDENCY: @expo/ngrok-bin-win32-ia32@2.2.8-beta.1 (node_modules/@expo/ngrok/node_modules/@expo/ngrok-bin/node_modules/@expo/ngrok-bin-win32-ia32):
258 warn notsup SKIPPING OPTIONAL DEPENDENCY: Unsupported platform for @expo/ngrok-bin-win32-ia32@2.2.8-beta.1: wanted {"os":"win32","arch":"ia32"} (current: {"os":"linux","arch":"x64"})
259 verbose notsup SKIPPING OPTIONAL DEPENDENCY: Valid OS:    win32
259 verbose notsup SKIPPING OPTIONAL DEPENDENCY: Valid Arch:  ia32
259 verbose notsup SKIPPING OPTIONAL DEPENDENCY: Actual OS:   linux
259 verbose notsup SKIPPING OPTIONAL DEPENDENCY: Actual Arch: x64
260 warn optional SKIPPING OPTIONAL DEPENDENCY: @expo/ngrok-bin-darwin-x64@2.2.8 (node_modules/@expo/ngrok/node_modules/@expo/ngrok-bin/node_modules/@expo/ngrok-bin-darwin-x64):
261 warn notsup SKIPPING OPTIONAL DEPENDENCY: Unsupported platform for @expo/ngrok-bin-darwin-x64@2.2.8: wanted {"os":"darwin","arch":"x64"} (current: {"os":"linux","arch":"x64"})
262 verbose notsup SKIPPING OPTIONAL DEPENDENCY: Valid OS:    darwin
262 verbose notsup SKIPPING OPTIONAL DEPENDENCY: Valid Arch:  x64
262 verbose notsup SKIPPING OPTIONAL DEPENDENCY: Actual OS:   linux
262 verbose notsup SKIPPING OPTIONAL DEPENDENCY: Actual Arch: x64
263 warn optional SKIPPING OPTIONAL DEPENDENCY: @expo/ngrok-bin-win32-x64@2.2.8-beta.1 (node_modules/@expo/ngrok/node_modules/@expo/ngrok-bin/node_modules/@expo/ngrok-bin-win32-x64):
264 warn notsup SKIPPING OPTIONAL DEPENDENCY: Unsupported platform for @expo/ngrok-bin-win32-x64@2.2.8-beta.1: wanted {"os":"win32","arch":"x64"} (current: {"os":"linux","arch":"x64"})
265 verbose notsup SKIPPING OPTIONAL DEPENDENCY: Valid OS:    win32
265 verbose notsup SKIPPING OPTIONAL DEPENDENCY: Valid Arch:  x64
265 verbose notsup SKIPPING OPTIONAL DEPENDENCY: Actual OS:   linux
265 verbose notsup SKIPPING OPTIONAL DEPENDENCY: Actual Arch: x64
266 verbose stack Error: EACCES: permission denied, access '/usr/local/lib/node_modules'
267 verbose cwd /home/howard/sessions-080724-mark3a
268 verbose Linux 5.4.72-microsoft-standard-WSL2
269 verbose argv "/usr/bin/node" "/usr/bin/npm" "install" "--global" "@expo/ngrok@^2.4.3"
270 verbose node v10.19.0
271 verbose npm  v6.14.4
272 error code EACCES
273 error syscall access
274 error path /usr/local/lib/node_modules
275 error errno -13
276 error Error: EACCES: permission denied, access '/usr/local/lib/node_modules'
276 error  { [Error: EACCES: permission denied, access '/usr/local/lib/node_modules']
276 error   stack:
276 error    'Error: EACCES: permission denied, access \'/usr/local/lib/node_modules\'',
276 error   errno: -13,
276 error   code: 'EACCES',
276 error   syscall: 'access',
276 error   path: '/usr/local/lib/node_modules' }
277 error The operation was rejected by your operating system.
277 error It is likely you do not have the permissions to access this file as the current user
277 error
277 error If you believe this might be a permissions issue, please double-check the
277 error permissions of the file and its containing directories, or try running
277 error the command again as root/Administrator.
278 verbose exit [ -13, true ]
