0 info it worked if it ends with ok
1 verbose cli [ '/usr/bin/node',
1 verbose cli   '/usr/bin/npm',
1 verbose cli   'install',
1 verbose cli   '--global',
1 verbose cli   '@expo/ngrok@^2.4.3' ]
2 info using npm@6.14.4
3 info using node@v10.19.0
4 verbose npm-session d8fa3cf89ca34247
5 silly install loadCurrentTree
6 silly install readGlobalPackageData
7 http fetch GET 304 https://registry.npmjs.org/@expo%2fngrok 1141ms (from cache)
8 silly pacote range manifest for @expo/ngrok@^2.4.3 fetched in 1193ms
9 timing stage:loadCurrentTree Completed in 1254ms
10 silly install loadIdealTree
11 silly install cloneCurrentTreeToIdealTree
12 timing stage:loadIdealTree:cloneCurrentTree Completed in 2ms
13 silly install loadShrinkwrap
14 timing stage:loadIdealTree:loadShrinkwrap Completed in 15ms
15 silly install loadAllDepsIntoIdealTree
16 silly resolveWithNewModule @expo/ngrok@2.4.3 checking installable status
17 http fetch GET 304 https://registry.npmjs.org/async 334ms (from cache)
18 http fetch GET 304 https://registry.npmjs.org/request 335ms (from cache)
19 silly pacote range manifest for async@^0.9.0 fetched in 358ms
20 silly resolveWithNewModule async@0.9.2 checking installable status
21 silly pacote range manifest for request@^2.81.0 fetched in 357ms
22 warn deprecated request@2.88.2: request has been deprecated, see https://github.com/request/request/issues/3142
23 silly resolveWithNewModule request@2.88.2 checking installable status
24 http fetch GET 304 https://registry.npmjs.org/uuid 353ms (from cache)
25 silly pacote range manifest for uuid@^3.0.0 fetched in 362ms
26 silly resolveWithNewModule uuid@3.4.0 checking installable status
27 http fetch GET 304 https://registry.npmjs.org/logfmt 404ms (from cache)
28 silly pacote range manifest for logfmt@^1.2.0 fetched in 410ms
29 silly resolveWithNewModule logfmt@1.3.2 checking installable status
30 http fetch GET 304 https://registry.npmjs.org/lock 549ms (from cache)
31 silly pacote range manifest for lock@^0.1.2 fetched in 554ms
32 silly resolveWithNewModule lock@0.1.4 checking installable status
33 http fetch GET 304 https://registry.npmjs.org/@expo%2fngrok-bin 911ms (from cache)
34 silly pacote version manifest for @expo/ngrok-bin@2.2.8-beta.3 fetched in 921ms
35 silly resolveWithNewModule @expo/ngrok-bin@2.2.8-beta.3 checking installable status
36 http fetch GET 304 https://registry.npmjs.org/@expo%2fngrok-bin-darwin-x64 545ms (from cache)
37 silly pacote version manifest for @expo/ngrok-bin-darwin-x64@2.2.8 fetched in 553ms
38 silly resolveWithNewModule @expo/ngrok-bin-darwin-x64@2.2.8 checking installable status
39 http fetch GET 304 https://registry.npmjs.org/@expo%2fngrok-bin-darwin-ia32 762ms (from cache)
40 silly pacote version manifest for @expo/ngrok-bin-darwin-ia32@2.2.8 fetched in 787ms
41 silly resolveWithNewModule @expo/ngrok-bin-darwin-ia32@2.2.8 checking installable status
42 http fetch GET 304 https://registry.npmjs.org/@expo%2fngrok-bin-freebsd-ia32 776ms (from cache)
43 silly pacote version manifest for @expo/ngrok-bin-freebsd-ia32@2.2.8 fetched in 781ms
44 silly resolveWithNewModule @expo/ngrok-bin-freebsd-ia32@2.2.8 checking installable status
45 http fetch GET 304 https://registry.npmjs.org/@expo%2fngrok-bin-linux-x64 790ms (from cache)
46 silly pacote version manifest for @expo/ngrok-bin-linux-x64@2.2.8 fetched in 796ms
47 silly resolveWithNewModule @expo/ngrok-bin-linux-x64@2.2.8 checking installable status
48 http fetch GET 304 https://registry.npmjs.org/@expo%2fngrok-bin-freebsd-x64 814ms (from cache)
49 silly pacote version manifest for @expo/ngrok-bin-freebsd-x64@2.2.8 fetched in 818ms
50 silly resolveWithNewModule @expo/ngrok-bin-freebsd-x64@2.2.8 checking installable status
51 http fetch GET 304 https://registry.npmjs.org/@expo%2fngrok-bin-linux-ia32 866ms (from cache)
52 silly pacote version manifest for @expo/ngrok-bin-linux-ia32@2.2.8 fetched in 881ms
53 silly resolveWithNewModule @expo/ngrok-bin-linux-ia32@2.2.8 checking installable status
54 http fetch GET 304 https://registry.npmjs.org/@expo%2fngrok-bin-linux-arm64 893ms (from cache)
55 http fetch GET 304 https://registry.npmjs.org/@expo%2fngrok-bin-sunos-x64 893ms (from cache)
56 silly pacote version manifest for @expo/ngrok-bin-linux-arm64@2.2.8 fetched in 905ms
57 silly resolveWithNewModule @expo/ngrok-bin-linux-arm64@2.2.8 checking installable status
58 silly pacote version manifest for @expo/ngrok-bin-sunos-x64@2.2.8 fetched in 903ms
59 silly resolveWithNewModule @expo/ngrok-bin-sunos-x64@2.2.8 checking installable status
60 http fetch GET 304 https://registry.npmjs.org/@expo%2fngrok-bin-win32-ia32 904ms (from cache)
61 http fetch GET 304 https://registry.npmjs.org/@expo%2fngrok-bin-linux-arm 914ms (from cache)
62 silly pacote version manifest for @expo/ngrok-bin-win32-ia32@2.2.8-beta.1 fetched in 910ms
63 silly resolveWithNewModule @expo/ngrok-bin-win32-ia32@2.2.8-beta.1 checking installable status
64 silly pacote version manifest for @expo/ngrok-bin-linux-arm@2.2.8 fetched in 921ms
65 silly resolveWithNewModule @expo/ngrok-bin-linux-arm@2.2.8 checking installable status
66 http fetch GET 304 https://registry.npmjs.org/@expo%2fngrok-bin-win32-x64 689ms (from cache)
67 silly pacote version manifest for @expo/ngrok-bin-win32-x64@2.2.8-beta.1 fetched in 695ms
68 silly resolveWithNewModule @expo/ngrok-bin-win32-x64@2.2.8-beta.1 checking installable status
69 http fetch GET 304 https://registry.npmjs.org/split 183ms (from cache)
70 http fetch GET 304 https://registry.npmjs.org/through 188ms (from cache)
71 silly pacote range manifest for split@0.2.x fetched in 194ms
72 silly resolveWithNewModule split@0.2.10 checking installable status
73 silly pacote range manifest for through@2.3.x fetched in 196ms
74 silly resolveWithNewModule through@2.3.8 checking installable status
75 http fetch GET 304 https://registry.npmjs.org/aws-sign2 521ms (from cache)
76 silly pacote range manifest for aws-sign2@~0.7.0 fetched in 577ms
77 silly resolveWithNewModule aws-sign2@0.7.0 checking installable status
78 http fetch GET 304 https://registry.npmjs.org/forever-agent 601ms (from cache)
79 silly pacote range manifest for forever-agent@~0.6.1 fetched in 677ms
80 silly resolveWithNewModule forever-agent@0.6.1 checking installable status
81 http fetch GET 304 https://registry.npmjs.org/combined-stream 726ms (from cache)
82 http fetch GET 304 https://registry.npmjs.org/aws4 747ms (from cache)
83 http fetch GET 304 https://registry.npmjs.org/is-typedarray 752ms (from cache)
84 http fetch GET 304 https://registry.npmjs.org/caseless 763ms (from cache)
85 http fetch GET 304 https://registry.npmjs.org/http-signature 773ms (from cache)
86 http fetch GET 304 https://registry.npmjs.org/extend 787ms (from cache)
87 silly pacote range manifest for combined-stream@~1.0.6 fetched in 835ms
88 silly resolveWithNewModule combined-stream@1.0.8 checking installable status
89 http fetch GET 304 https://registry.npmjs.org/form-data 854ms (from cache)
90 silly pacote range manifest for aws4@^1.8.0 fetched in 873ms
91 silly resolveWithNewModule aws4@1.11.0 checking installable status
92 silly pacote range manifest for is-typedarray@~1.0.0 fetched in 905ms
93 silly resolveWithNewModule is-typedarray@1.0.0 checking installable status
94 silly pacote range manifest for caseless@~0.12.0 fetched in 929ms
95 silly resolveWithNewModule caseless@0.12.0 checking installable status
96 http fetch GET 304 https://registry.npmjs.org/har-validator 969ms (from cache)
97 silly pacote range manifest for http-signature@~1.2.0 fetched in 974ms
98 silly resolveWithNewModule http-signature@1.2.0 checking installable status
99 silly pacote range manifest for extend@~3.0.2 fetched in 983ms
100 silly resolveWithNewModule extend@3.0.2 checking installable status
101 silly pacote range manifest for form-data@~2.3.2 fetched in 1002ms
102 silly resolveWithNewModule form-data@2.3.3 checking installable status
103 silly pacote range manifest for har-validator@~5.1.3 fetched in 1020ms
104 warn deprecated har-validator@5.1.5: this library is no longer supported
105 silly resolveWithNewModule har-validator@5.1.5 checking installable status
106 http fetch GET 304 https://registry.npmjs.org/isstream 574ms (from cache)
107 http fetch GET 304 https://registry.npmjs.org/json-stringify-safe 546ms (from cache)
108 silly pacote range manifest for isstream@~0.1.2 fetched in 657ms
109 silly resolveWithNewModule isstream@0.1.2 checking installable status
110 silly pacote range manifest for json-stringify-safe@~5.0.1 fetched in 603ms
111 silly resolveWithNewModule json-stringify-safe@5.0.1 checking installable status
112 http fetch GET 304 https://registry.npmjs.org/oauth-sign 459ms (from cache)
113 http fetch GET 304 https://registry.npmjs.org/mime-types 504ms (from cache)
114 http fetch GET 304 https://registry.npmjs.org/performance-now 407ms (from cache)
115 silly pacote range manifest for oauth-sign@~0.9.0 fetched in 502ms
116 silly resolveWithNewModule oauth-sign@0.9.0 checking installable status
117 silly pacote range manifest for mime-types@~2.1.19 fetched in 558ms
118 silly resolveWithNewModule mime-types@2.1.29 checking installable status
119 silly pacote range manifest for performance-now@^2.1.0 fetched in 451ms
120 silly resolveWithNewModule performance-now@2.1.0 checking installable status
121 http fetch GET 304 https://registry.npmjs.org/tough-cookie 425ms (from cache)
122 http fetch GET 304 https://registry.npmjs.org/safe-buffer 446ms (from cache)
123 http fetch GET 304 https://registry.npmjs.org/tunnel-agent 427ms (from cache)
124 http fetch GET 304 https://registry.npmjs.org/qs 479ms (from cache)
125 silly pacote range manifest for tough-cookie@~2.5.0 fetched in 467ms
126 silly resolveWithNewModule tough-cookie@2.5.0 checking installable status
127 silly pacote range manifest for safe-buffer@^5.1.2 fetched in 473ms
128 silly resolveWithNewModule safe-buffer@5.2.1 checking installable status
129 silly pacote range manifest for tunnel-agent@^0.6.0 fetched in 453ms
130 silly resolveWithNewModule tunnel-agent@0.6.0 checking installable status
131 silly pacote range manifest for qs@~6.5.2 fetched in 498ms
132 silly resolveWithNewModule qs@6.5.2 checking installable status
133 http fetch GET 304 https://registry.npmjs.org/delayed-stream 130ms (from cache)
134 silly pacote range manifest for delayed-stream@~1.0.0 fetched in 138ms
135 silly resolveWithNewModule delayed-stream@1.0.0 checking installable status
136 http fetch GET 304 https://registry.npmjs.org/asynckit 128ms (from cache)
137 silly pacote range manifest for asynckit@^0.4.0 fetched in 139ms
138 silly resolveWithNewModule asynckit@0.4.0 checking installable status
139 http fetch GET 304 https://registry.npmjs.org/mime-db 107ms (from cache)
140 silly pacote version manifest for mime-db@1.46.0 fetched in 137ms
141 silly resolveWithNewModule mime-db@1.46.0 checking installable status
142 http fetch GET 304 https://registry.npmjs.org/har-schema 81ms (from cache)
143 silly pacote range manifest for har-schema@^2.0.0 fetched in 86ms
144 silly resolveWithNewModule har-schema@2.0.0 checking installable status
145 http fetch GET 304 https://registry.npmjs.org/ajv 108ms (from cache)
146 silly pacote range manifest for ajv@^6.12.3 fetched in 135ms
147 silly resolveWithNewModule ajv@6.12.6 checking installable status
148 http fetch GET 304 https://registry.npmjs.org/uri-js 86ms (from cache)
149 silly pacote range manifest for uri-js@^4.2.2 fetched in 97ms
150 silly resolveWithNewModule uri-js@4.4.1 checking installable status
151 http fetch GET 304 https://registry.npmjs.org/fast-json-stable-stringify 106ms (from cache)
152 silly pacote range manifest for fast-json-stable-stringify@^2.0.0 fetched in 116ms
153 silly resolveWithNewModule fast-json-stable-stringify@2.1.0 checking installable status
154 http fetch GET 304 https://registry.npmjs.org/json-schema-traverse 120ms (from cache)
155 silly pacote range manifest for json-schema-traverse@^0.4.1 fetched in 124ms
156 silly resolveWithNewModule json-schema-traverse@0.4.1 checking installable status
157 http fetch GET 304 https://registry.npmjs.org/fast-deep-equal 132ms (from cache)
158 silly pacote range manifest for fast-deep-equal@^3.1.1 fetched in 139ms
159 silly resolveWithNewModule fast-deep-equal@3.1.3 checking installable status
160 http fetch GET 304 https://registry.npmjs.org/punycode 72ms (from cache)
161 silly pacote range manifest for punycode@^2.1.0 fetched in 79ms
162 silly resolveWithNewModule punycode@2.1.1 checking installable status
163 http fetch GET 304 https://registry.npmjs.org/sshpk 83ms (from cache)
164 silly pacote range manifest for sshpk@^1.7.0 fetched in 96ms
165 silly resolveWithNewModule sshpk@1.16.1 checking installable status
166 http fetch GET 304 https://registry.npmjs.org/assert-plus 105ms (from cache)
167 silly pacote range manifest for assert-plus@^1.0.0 fetched in 113ms
168 silly resolveWithNewModule assert-plus@1.0.0 checking installable status
169 http fetch GET 304 https://registry.npmjs.org/jsprim 116ms (from cache)
170 silly pacote range manifest for jsprim@^1.2.2 fetched in 121ms
171 silly resolveWithNewModule jsprim@1.4.1 checking installable status
172 http fetch GET 304 https://registry.npmjs.org/extsprintf 103ms (from cache)
173 silly pacote version manifest for extsprintf@1.3.0 fetched in 120ms
174 silly resolveWithNewModule extsprintf@1.3.0 checking installable status
175 http fetch GET 304 https://registry.npmjs.org/json-schema 135ms (from cache)
176 http fetch GET 304 https://registry.npmjs.org/verror 137ms (from cache)
177 silly pacote version manifest for json-schema@0.2.3 fetched in 141ms
178 silly resolveWithNewModule json-schema@0.2.3 checking installable status
179 silly pacote version manifest for verror@1.10.0 fetched in 142ms
180 silly resolveWithNewModule verror@1.10.0 checking installable status
181 http fetch GET 304 https://registry.npmjs.org/core-util-is 71ms (from cache)
182 silly pacote version manifest for core-util-is@1.0.2 fetched in 76ms
183 silly resolveWithNewModule core-util-is@1.0.2 checking installable status
184 http fetch GET 304 https://registry.npmjs.org/dashdash 217ms (from cache)
185 http fetch GET 304 https://registry.npmjs.org/asn1 255ms (from cache)
186 http fetch GET 304 https://registry.npmjs.org/getpass 255ms (from cache)
187 http fetch GET 304 https://registry.npmjs.org/safer-buffer 254ms (from cache)
188 silly pacote range manifest for dashdash@^1.12.0 fetched in 261ms
189 silly resolveWithNewModule dashdash@1.14.1 checking installable status
190 http fetch GET 304 https://registry.npmjs.org/jsbn 264ms (from cache)
191 silly pacote range manifest for asn1@~0.2.3 fetched in 273ms
192 silly resolveWithNewModule asn1@0.2.4 checking installable status
193 silly pacote range manifest for getpass@^0.1.1 fetched in 272ms
194 silly resolveWithNewModule getpass@0.1.7 checking installable status
195 silly pacote range manifest for safer-buffer@^2.0.2 fetched in 272ms
196 silly resolveWithNewModule safer-buffer@2.1.2 checking installable status
197 http fetch GET 304 https://registry.npmjs.org/bcrypt-pbkdf 269ms (from cache)
198 http fetch GET 304 https://registry.npmjs.org/ecc-jsbn 270ms (from cache)
199 silly pacote range manifest for jsbn@~0.1.0 fetched in 277ms
200 silly resolveWithNewModule jsbn@0.1.1 checking installable status
201 http fetch GET 304 https://registry.npmjs.org/tweetnacl 277ms (from cache)
202 silly pacote range manifest for ecc-jsbn@~0.1.1 fetched in 281ms
203 silly resolveWithNewModule ecc-jsbn@0.1.2 checking installable status
204 silly pacote range manifest for bcrypt-pbkdf@^1.0.0 fetched in 281ms
205 silly resolveWithNewModule bcrypt-pbkdf@1.0.2 checking installable status
206 silly pacote range manifest for tweetnacl@~0.14.0 fetched in 285ms
207 silly resolveWithNewModule tweetnacl@0.14.5 checking installable status
208 http fetch GET 304 https://registry.npmjs.org/psl 72ms (from cache)
209 silly pacote range manifest for psl@^1.1.28 fetched in 77ms
210 silly resolveWithNewModule psl@1.8.0 checking installable status
211 timing stage:loadIdealTree:loadAllDepsIntoIdealTree Completed in 5624ms
212 timing stage:loadIdealTree Completed in 5723ms
213 silly currentTree lib
214 silly idealTree lib
214 silly idealTree └─┬ @expo/ngrok@2.4.3
214 silly idealTree   ├── @expo/ngrok-bin-darwin-ia32@2.2.8
214 silly idealTree   ├── @expo/ngrok-bin-darwin-x64@2.2.8
214 silly idealTree   ├── @expo/ngrok-bin-freebsd-ia32@2.2.8
214 silly idealTree   ├── @expo/ngrok-bin-freebsd-x64@2.2.8
214 silly idealTree   ├── @expo/ngrok-bin-linux-arm@2.2.8
214 silly idealTree   ├── @expo/ngrok-bin-linux-arm64@2.2.8
214 silly idealTree   ├── @expo/ngrok-bin-linux-ia32@2.2.8
214 silly idealTree   ├── @expo/ngrok-bin-linux-x64@2.2.8
214 silly idealTree   ├── @expo/ngrok-bin-sunos-x64@2.2.8
214 silly idealTree   ├── @expo/ngrok-bin-win32-ia32@2.2.8-beta.1
214 silly idealTree   ├── @expo/ngrok-bin-win32-x64@2.2.8-beta.1
214 silly idealTree   ├── @expo/ngrok-bin@2.2.8-beta.3
214 silly idealTree   ├── ajv@6.12.6
214 silly idealTree   ├── asn1@0.2.4
214 silly idealTree   ├── assert-plus@1.0.0
214 silly idealTree   ├── async@0.9.2
214 silly idealTree   ├── asynckit@0.4.0
214 silly idealTree   ├── aws-sign2@0.7.0
214 silly idealTree   ├── aws4@1.11.0
214 silly idealTree   ├── bcrypt-pbkdf@1.0.2
214 silly idealTree   ├── caseless@0.12.0
214 silly idealTree   ├── combined-stream@1.0.8
214 silly idealTree   ├── core-util-is@1.0.2
214 silly idealTree   ├── dashdash@1.14.1
214 silly idealTree   ├── delayed-stream@1.0.0
214 silly idealTree   ├── ecc-jsbn@0.1.2
214 silly idealTree   ├── extend@3.0.2
214 silly idealTree   ├── extsprintf@1.3.0
214 silly idealTree   ├── fast-deep-equal@3.1.3
214 silly idealTree   ├── fast-json-stable-stringify@2.1.0
214 silly idealTree   ├── forever-agent@0.6.1
214 silly idealTree   ├── form-data@2.3.3
214 silly idealTree   ├── getpass@0.1.7
214 silly idealTree   ├── har-schema@2.0.0
214 silly idealTree   ├── har-validator@5.1.5
214 silly idealTree   ├── http-signature@1.2.0
214 silly idealTree   ├── is-typedarray@1.0.0
214 silly idealTree   ├── isstream@0.1.2
214 silly idealTree   ├── jsbn@0.1.1
214 silly idealTree   ├── json-schema-traverse@0.4.1
214 silly idealTree   ├── json-schema@0.2.3
214 silly idealTree   ├── json-stringify-safe@5.0.1
214 silly idealTree   ├── jsprim@1.4.1
214 silly idealTree   ├── lock@0.1.4
214 silly idealTree   ├── logfmt@1.3.2
214 silly idealTree   ├── mime-db@1.46.0
214 silly idealTree   ├── mime-types@2.1.29
214 silly idealTree   ├── oauth-sign@0.9.0
214 silly idealTree   ├── performance-now@2.1.0
214 silly idealTree   ├── psl@1.8.0
214 silly idealTree   ├── punycode@2.1.1
214 silly idealTree   ├── qs@6.5.2
214 silly idealTree   ├── request@2.88.2
214 silly idealTree   ├── safe-buffer@5.2.1
214 silly idealTree   ├── safer-buffer@2.1.2
214 silly idealTree   ├── split@0.2.10
214 silly idealTree   ├── sshpk@1.16.1
214 silly idealTree   ├── through@2.3.8
214 silly idealTree   ├── tough-cookie@2.5.0
214 silly idealTree   ├── tunnel-agent@0.6.0
214 silly idealTree   ├── tweetnacl@0.14.5
214 silly idealTree   ├── uri-js@4.4.1
214 silly idealTree   ├── uuid@3.4.0
214 silly idealTree   └── verror@1.10.0
215 silly install generateActionsToTake
216 warn checkPermissions Missing write access to /usr/local/lib/node_modules
217 timing stage:rollbackFailedOptional Completed in 1ms
218 timing stage:runTopLevelLifecycles Completed in 7022ms
219 warn optional SKIPPING OPTIONAL DEPENDENCY: @expo/ngrok-bin-darwin-x64@2.2.8 (node_modules/@expo/ngrok/node_modules/@expo/ngrok-bin/node_modules/@expo/ngrok-bin-darwin-x64):
220 warn notsup SKIPPING OPTIONAL DEPENDENCY: Unsupported platform for @expo/ngrok-bin-darwin-x64@2.2.8: wanted {"os":"darwin","arch":"x64"} (current: {"os":"linux","arch":"x64"})
221 verbose notsup SKIPPING OPTIONAL DEPENDENCY: Valid OS:    darwin
221 verbose notsup SKIPPING OPTIONAL DEPENDENCY: Valid Arch:  x64
221 verbose notsup SKIPPING OPTIONAL DEPENDENCY: Actual OS:   linux
221 verbose notsup SKIPPING OPTIONAL DEPENDENCY: Actual Arch: x64
222 warn optional SKIPPING OPTIONAL DEPENDENCY: @expo/ngrok-bin-darwin-ia32@2.2.8 (node_modules/@expo/ngrok/node_modules/@expo/ngrok-bin/node_modules/@expo/ngrok-bin-darwin-ia32):
223 warn notsup SKIPPING OPTIONAL DEPENDENCY: Unsupported platform for @expo/ngrok-bin-darwin-ia32@2.2.8: wanted {"os":"darwin","arch":"ia32"} (current: {"os":"linux","arch":"x64"})
224 verbose notsup SKIPPING OPTIONAL DEPENDENCY: Valid OS:    darwin
224 verbose notsup SKIPPING OPTIONAL DEPENDENCY: Valid Arch:  ia32
224 verbose notsup SKIPPING OPTIONAL DEPENDENCY: Actual OS:   linux
224 verbose notsup SKIPPING OPTIONAL DEPENDENCY: Actual Arch: x64
225 warn optional SKIPPING OPTIONAL DEPENDENCY: @expo/ngrok-bin-freebsd-ia32@2.2.8 (node_modules/@expo/ngrok/node_modules/@expo/ngrok-bin/node_modules/@expo/ngrok-bin-freebsd-ia32):
226 warn notsup SKIPPING OPTIONAL DEPENDENCY: Unsupported platform for @expo/ngrok-bin-freebsd-ia32@2.2.8: wanted {"os":"freebsd","arch":"ia32"} (current: {"os":"linux","arch":"x64"})
227 verbose notsup SKIPPING OPTIONAL DEPENDENCY: Valid OS:    freebsd
227 verbose notsup SKIPPING OPTIONAL DEPENDENCY: Valid Arch:  ia32
227 verbose notsup SKIPPING OPTIONAL DEPENDENCY: Actual OS:   linux
227 verbose notsup SKIPPING OPTIONAL DEPENDENCY: Actual Arch: x64
228 warn optional SKIPPING OPTIONAL DEPENDENCY: @expo/ngrok-bin-freebsd-x64@2.2.8 (node_modules/@expo/ngrok/node_modules/@expo/ngrok-bin/node_modules/@expo/ngrok-bin-freebsd-x64):
229 warn notsup SKIPPING OPTIONAL DEPENDENCY: Unsupported platform for @expo/ngrok-bin-freebsd-x64@2.2.8: wanted {"os":"freebsd","arch":"x64"} (current: {"os":"linux","arch":"x64"})
230 verbose notsup SKIPPING OPTIONAL DEPENDENCY: Valid OS:    freebsd
230 verbose notsup SKIPPING OPTIONAL DEPENDENCY: Valid Arch:  x64
230 verbose notsup SKIPPING OPTIONAL DEPENDENCY: Actual OS:   linux
230 verbose notsup SKIPPING OPTIONAL DEPENDENCY: Actual Arch: x64
231 warn optional SKIPPING OPTIONAL DEPENDENCY: @expo/ngrok-bin-linux-ia32@2.2.8 (node_modules/@expo/ngrok/node_modules/@expo/ngrok-bin/node_modules/@expo/ngrok-bin-linux-ia32):
232 warn notsup SKIPPING OPTIONAL DEPENDENCY: Unsupported platform for @expo/ngrok-bin-linux-ia32@2.2.8: wanted {"os":"linux","arch":"ia32"} (current: {"os":"linux","arch":"x64"})
233 verbose notsup SKIPPING OPTIONAL DEPENDENCY: Valid OS:    linux
233 verbose notsup SKIPPING OPTIONAL DEPENDENCY: Valid Arch:  ia32
233 verbose notsup SKIPPING OPTIONAL DEPENDENCY: Actual OS:   linux
233 verbose notsup SKIPPING OPTIONAL DEPENDENCY: Actual Arch: x64
234 warn optional SKIPPING OPTIONAL DEPENDENCY: @expo/ngrok-bin-linux-arm64@2.2.8 (node_modules/@expo/ngrok/node_modules/@expo/ngrok-bin/node_modules/@expo/ngrok-bin-linux-arm64):
235 warn notsup SKIPPING OPTIONAL DEPENDENCY: Unsupported platform for @expo/ngrok-bin-linux-arm64@2.2.8: wanted {"os":"linux","arch":"arm64"} (current: {"os":"linux","arch":"x64"})
236 verbose notsup SKIPPING OPTIONAL DEPENDENCY: Valid OS:    linux
236 verbose notsup SKIPPING OPTIONAL DEPENDENCY: Valid Arch:  arm64
236 verbose notsup SKIPPING OPTIONAL DEPENDENCY: Actual OS:   linux
236 verbose notsup SKIPPING OPTIONAL DEPENDENCY: Actual Arch: x64
237 warn optional SKIPPING OPTIONAL DEPENDENCY: @expo/ngrok-bin-sunos-x64@2.2.8 (node_modules/@expo/ngrok/node_modules/@expo/ngrok-bin/node_modules/@expo/ngrok-bin-sunos-x64):
238 warn notsup SKIPPING OPTIONAL DEPENDENCY: Unsupported platform for @expo/ngrok-bin-sunos-x64@2.2.8: wanted {"os":"sunos","arch":"x64"} (current: {"os":"linux","arch":"x64"})
239 verbose notsup SKIPPING OPTIONAL DEPENDENCY: Valid OS:    sunos
239 verbose notsup SKIPPING OPTIONAL DEPENDENCY: Valid Arch:  x64
239 verbose notsup SKIPPING OPTIONAL DEPENDENCY: Actual OS:   linux
239 verbose notsup SKIPPING OPTIONAL DEPENDENCY: Actual Arch: x64
240 warn optional SKIPPING OPTIONAL DEPENDENCY: @expo/ngrok-bin-win32-ia32@2.2.8-beta.1 (node_modules/@expo/ngrok/node_modules/@expo/ngrok-bin/node_modules/@expo/ngrok-bin-win32-ia32):
241 warn notsup SKIPPING OPTIONAL DEPENDENCY: Unsupported platform for @expo/ngrok-bin-win32-ia32@2.2.8-beta.1: wanted {"os":"win32","arch":"ia32"} (current: {"os":"linux","arch":"x64"})
242 verbose notsup SKIPPING OPTIONAL DEPENDENCY: Valid OS:    win32
242 verbose notsup SKIPPING OPTIONAL DEPENDENCY: Valid Arch:  ia32
242 verbose notsup SKIPPING OPTIONAL DEPENDENCY: Actual OS:   linux
242 verbose notsup SKIPPING OPTIONAL DEPENDENCY: Actual Arch: x64
243 warn optional SKIPPING OPTIONAL DEPENDENCY: @expo/ngrok-bin-linux-arm@2.2.8 (node_modules/@expo/ngrok/node_modules/@expo/ngrok-bin/node_modules/@expo/ngrok-bin-linux-arm):
244 warn notsup SKIPPING OPTIONAL DEPENDENCY: Unsupported platform for @expo/ngrok-bin-linux-arm@2.2.8: wanted {"os":"linux","arch":"arm"} (current: {"os":"linux","arch":"x64"})
245 verbose notsup SKIPPING OPTIONAL DEPENDENCY: Valid OS:    linux
245 verbose notsup SKIPPING OPTIONAL DEPENDENCY: Valid Arch:  arm
245 verbose notsup SKIPPING OPTIONAL DEPENDENCY: Actual OS:   linux
245 verbose notsup SKIPPING OPTIONAL DEPENDENCY: Actual Arch: x64
246 warn optional SKIPPING OPTIONAL DEPENDENCY: @expo/ngrok-bin-win32-x64@2.2.8-beta.1 (node_modules/@expo/ngrok/node_modules/@expo/ngrok-bin/node_modules/@expo/ngrok-bin-win32-x64):
247 warn notsup SKIPPING OPTIONAL DEPENDENCY: Unsupported platform for @expo/ngrok-bin-win32-x64@2.2.8-beta.1: wanted {"os":"win32","arch":"x64"} (current: {"os":"linux","arch":"x64"})
248 verbose notsup SKIPPING OPTIONAL DEPENDENCY: Valid OS:    win32
248 verbose notsup SKIPPING OPTIONAL DEPENDENCY: Valid Arch:  x64
248 verbose notsup SKIPPING OPTIONAL DEPENDENCY: Actual OS:   linux
248 verbose notsup SKIPPING OPTIONAL DEPENDENCY: Actual Arch: x64
249 verbose stack Error: EACCES: permission denied, access '/usr/local/lib/node_modules'
250 verbose cwd /home/howard/sessions-080724-mark3a
251 verbose Linux 5.4.72-microsoft-standard-WSL2
252 verbose argv "/usr/bin/node" "/usr/bin/npm" "install" "--global" "@expo/ngrok@^2.4.3"
253 verbose node v10.19.0
254 verbose npm  v6.14.4
255 error code EACCES
256 error syscall access
257 error path /usr/local/lib/node_modules
258 error errno -13
259 error Error: EACCES: permission denied, access '/usr/local/lib/node_modules'
259 error  { [Error: EACCES: permission denied, access '/usr/local/lib/node_modules']
259 error   stack:
259 error    'Error: EACCES: permission denied, access \'/usr/local/lib/node_modules\'',
259 error   errno: -13,
259 error   code: 'EACCES',
259 error   syscall: 'access',
259 error   path: '/usr/local/lib/node_modules' }
260 error The operation was rejected by your operating system.
260 error It is likely you do not have the permissions to access this file as the current user
260 error
260 error If you believe this might be a permissions issue, please double-check the
260 error permissions of the file and its containing directories, or try running
260 error the command again as root/Administrator.
261 verbose exit [ -13, true ]
